<?xml version="1.0" encoding="UTF-8"?>
<TestRun id="48b43e04-1fcc-4bbb-908d-d2078c84f4b4" name="monash@EED-2710-DEV 2010-02-25 08:53:28" runUser="eEd-2710-dev\monash" xmlns="http://microsoft.com/schemas/VisualStudio/TeamTest/2006">
  <TestRunConfiguration name="Local Test Run" id="eef31c20-bbef-4958-a7ce-d6984143827b">
    <Description>This is a default test run configuration for a local test run.</Description>
    <Deployment runDeploymentRoot="C:\sandRibbon\TestResults\monash_EED-2710-DEV 2010-02-25 08_53_28">
      <DeploymentItem filename="C:\sandRibbon\SandRibbon\lib\agsXMPP.dll" />
      <DeploymentItem filename="C:\sandRibbon\SandRibbonInterop\bin\Release\SandRibbonInterop.dll" />
      <DeploymentItem filename="C:\sandRibbon\SandRibbon\bin\Debug\MeTL.exe" />
      <DeploymentItem filename="C:\sandRibbon\SandRibbon\lib\Divelements.SandRibbon.dll" />
    </Deployment>
    <TestTypeSpecific />
  </TestRunConfiguration>
  <ResultSummary outcome="Warning">
    <Counters total="1" executed="1" passed="1" error="0" failed="0" timeout="0" aborted="0" inconclusive="0" passedButRunAborted="0" notRunnable="0" notExecuted="0" disconnected="0" warning="0" completed="0" inProgress="0" pending="0" />
    <RunInfos>
      <RunInfo computerName="EED-2710-DEV" outcome="Warning" timestamp="2010-02-25T08:53:29.9769707+11:00">
        <Text>Warning: Test Run deployment issue: The assembly or module 'nunit.framework' directly or indirectly referenced by the test container 'c:\sandribbon\functional\bin\release\functional.dll' was not found.</Text>
      </RunInfo>
    </RunInfos>
  </ResultSummary>
  <Times creation="2010-02-25T08:53:28.7338996+11:00" queuing="2010-02-25T08:53:30.0389743+11:00" start="2010-02-25T08:53:30.2839883+11:00" finish="2010-02-25T08:54:02.0998080+11:00" />
  <TestDefinitions>
    <UnitTest name="BillModifiesBensConversation" storage="c:\sandribbon\functional\bin\release\functional.dll" id="90202b7c-a698-66c4-2037-feb7327acdd1">
      <Css projectStructure="" iteration="" />
      <Owners>
        <Owner name="" />
      </Owners>
      <Execution id="e7f3781f-badd-44b1-8974-7c1fe264dab8" />
      <TestMethod codeBase="C:\sandRibbon\Functional\bin\Release\Functional.dll" adapterTypeName="Microsoft.VisualStudio.TestTools.TestTypes.Unit.UnitTestAdapter, Microsoft.VisualStudio.QualityTools.Tips.UnitTest.Adapter, Version=9.0.0.0, Culture=neutral, PublicKeyToken=b03f5f7f11d50a3a" className="Functional.ConversationEditingInMultipleUserSpace, Functional" name="BillModifiesBensConversation" />
    </UnitTest>
  </TestDefinitions>
  <TestLists>
    <TestList name="Results Not in a List" id="8c84fa94-04c1-424b-9868-57a2d4851a1d" />
    <TestList name="All Loaded Results" id="19431567-8539-422a-85d7-44ee4e166bda" />
  </TestLists>
  <TestEntries>
    <TestEntry testId="90202b7c-a698-66c4-2037-feb7327acdd1" executionId="e7f3781f-badd-44b1-8974-7c1fe264dab8" testListId="8c84fa94-04c1-424b-9868-57a2d4851a1d" />
  </TestEntries>
  <Results>
    <UnitTestResult executionId="e7f3781f-badd-44b1-8974-7c1fe264dab8" testId="90202b7c-a698-66c4-2037-feb7327acdd1" testName="BillModifiesBensConversation" computerName="EED-2710-DEV" duration="00:00:06.3138495" startTime="2010-02-25T08:53:30.6670102+11:00" endTime="2010-02-25T08:54:01.9998023+11:00" testType="13cdc9d9-ddb5-4fa4-a97d-d965ccfc6d4b" outcome="Passed" testListId="8c84fa94-04c1-424b-9868-57a2d4851a1d">
      <Output>
      </Output>
    </UnitTestResult>
  </Results>
</TestRun>